								Работает ZM-компилятор
								Листинг программы:
   1   program my;
   2   
   3   begin
   4   
   5   d = a * c;
**01**   ^ ошибка код 6
****** запрещенный символ
**02**     ^ ошибка код 51
****** должен идти символ  ':='
   6   d = a * c;
**03**   ^ ошибка код 6
****** запрещенный символ
**04**     ^ ошибка код 51
****** должен идти символ  ':='
   7   a := 1 + 2
   8   
   9   end.
  10   
  11   
  12   
  13   
  14   (*вар
  15   var ***1** a, l :integer;
  16   b,f (a, , f);
  17   f1, f1:(a1,a2, ,a3) 56;
  18   mas1,mas2:
  19   array[(a,d),'as'..4,] integer;
  20   f, k :2..6;
  21   d, :real;
  22   d1,d2: integer * ;
  23   b:;
  24   a,: integer;
  25   z:array [1..10, 1..10] of array[1..5] of integer
  26   
  27   var a: 1..17;
  28   b: +3..-*f*;
  29   c: 'abf'..'f';
  30   d: 'a'..**'z';
  31   e: 1.31..4.23;
  32   
  33   *)
  34   
  35   (*бегин
  36   a[1,1] := 3;
  37   b := 1;
  38   
  39   a := not b;
  40   c : f + d;
  41   f := 2 * 2;*)
  42   

Кoмпиляция окончена, ошибок: 4!